SimpleApp/app/build/intermediates/manifest_merge_blame_file/debug/manifest-merger-blame-debug-report.txt
1<?xml version="1.0" encoding="utf-8"?>
2<manifest xmlns:android="http://schemas.android.com/apk/res/android"
3    package="com.Nibirman.simpleapp"
4    android:versionCode="1"
5    android:versionName="1.0" >
6
7    <uses-sdk
8        android:minSdkVersion="23"
8-->src\main\AndroidManifest.xml
9        android:targetSdkVersion="29" />
9-->src\main\AndroidManifest.xml
10
11    <application
11-->src\main\AndroidManifest.xml:5:3-21:17
12        android:allowBackup="true"
12-->src\main\AndroidManifest.xml:6:11-37
13        android:appComponentFactory="androidx.core.app.CoreComponentFactory"
13-->[androidx.core:core:1.0.1] AndroidManifest.xml:22:18-86
14        android:debuggable="true"
15        android:icon="@mipmap/ic_launcher"
15-->src\main\AndroidManifest.xml:7:11-45
16        android:label="@string/app_name"
16-->src\main\AndroidManifest.xml:8:11-43
17        android:roundIcon="@mipmap/ic_launcher_round"
17-->src\main\AndroidManifest.xml:9:11-56
18        android:supportsRtl="true"
18-->src\main\AndroidManifest.xml:10:11-37
19        android:theme="@style/AppTheme" >
19-->src\main\AndroidManifest.xml:11:11-42
20        <activity android:name="com.Nibirman.simpleapp.LastActivity" >
20-->src\main\AndroidManifest.xml:12:5-13:16
20-->src\main\AndroidManifest.xml:12:15-43
21        </activity>
22        <activity android:name="com.Nibirman.simpleapp.MainActivity" >
22-->src\main\AndroidManifest.xml:14:5-20:16
22-->src\main\AndroidManifest.xml:14:15-43
23            <intent-filter>
23-->src\main\AndroidManifest.xml:15:7-19:23
24                <action android:name="android.intent.action.MAIN" />
24-->src\main\AndroidManifest.xml:16:9-60
24-->src\main\AndroidManifest.xml:16:17-58
25
26                <category android:name="android.intent.category.LAUNCHER" />
26-->src\main\AndroidManifest.xml:18:9-68
26-->src\main\AndroidManifest.xml:18:19-66
27            </intent-filter>
28        </activity>
29    </application>
30
31</manifest>